<?xml version="1.0" encoding="UTF-8"?>
<!-- Generated by org.testng.reporters.JUnitXMLReporter -->
<testsuite hostname="DESKTOP-LOVDD1M" failures="0" tests="6" name="AdminTabFunctionality" time="55.579" errors="0" timestamp="28 Dec 2022 20:32:12 GMT">
  <testcase classname="com.mycompany.mavenproject1.TestMavinIT_Organized" name="testLogin" time="21.95"/>
  <testcase classname="com.mycompany.mavenproject1.TestMavinIT_Organized" name="testTabAdmin" time="2.938"/>
  <testcase classname="com.mycompany.mavenproject1.TestMavinIT_Organized" name="closeAndOpenLeftSideBar" time="4.234"/>
  <testcase classname="com.mycompany.mavenproject1.TestMavinIT_Organized" name="systemUsers" time="6.583"/>
  <testcase classname="com.mycompany.mavenproject1.TestMavinIT_Organized" name="testAddUser" time="12.749"/>
  <testcase classname="com.mycompany.mavenproject1.TestMavinIT_Organized" name="testLogout" time="1.377"/>
</testsuite> <!-- AdminTabFunctionality -->
