<?xml version="1.0" encoding="UTF-8"?>
<!-- Generated by org.testng.reporters.JUnitXMLReporter -->
<testsuite hostname="DESKTOP-LOVDD1M" failures="1" tests="4" name="AdminTabFunctionality2" time="32.471" errors="0" timestamp="28 Dec 2022 20:32:45 GMT">
  <testcase classname="com.mycompany.mavenproject1.TestMavinIT_Organized" name="testLogin" time="20.704"/>
  <testcase classname="com.mycompany.mavenproject1.TestMavinIT_Organized" name="testTabAdmin" time="3.057"/>
  <testcase classname="com.mycompany.mavenproject1.TestMavinIT_Organized" name="closeAndOpenLeftSideBar" time="4.208"/>
  <testcase classname="com.mycompany.mavenproject1.TestMavinIT_Organized" name="testDeleteUser" time="0.022">
    <failure type="org.openqa.selenium.NoSuchElementException" message="no such element: Unable to locate element: {&amp;quot;method&amp;quot;:&amp;quot;xpath&amp;quot;,&amp;quot;selector&amp;quot;:&amp;quot;//*[@id=&amp;quot;app&amp;quot;]/div[1]/div[2]/div[2]/div/div[2]/div[3]/div/div/div[2]/div/div/div[1]/div[2]/div/div/button[1]&amp;quot;}
  (Session info: chrome=108.0.5359.125)
  (Driver info: chromedriver=108.0.5359.71 (1e0e3868ee06e91ad636a874420e3ca3ae3756ac-refs/branch-heads/5359@{#1016}),platform=Windows NT 10.0.19044 x86_64) (WARNING: The server did not provide any stacktrace information)
Command duration or timeout: 19 milliseconds
For documentation on this error, please visit: http://seleniumhq.org/exceptions/no_such_element.html
Build info: version: &amp;apos;2.44.0&amp;apos;, revision: &amp;apos;76d78cf323ce037c5f92db6c1bba601c2ac43ad8&amp;apos;, time: &amp;apos;2014-10-23 13:11:40&amp;apos;
System info: host: &amp;apos;DESKTOP-LOVDD1M&amp;apos;, ip: &amp;apos;192.168.1.5&amp;apos;, os.name: &amp;apos;Windows 10&amp;apos;, os.arch: &amp;apos;amd64&amp;apos;, os.version: &amp;apos;10.0&amp;apos;, java.version: &amp;apos;16.0.2&amp;apos;
Driver info: org.openqa.selenium.chrome.ChromeDriver
Capabilities [{mobileEmulationEnabled=false, timeouts={implicit=0, pageLoad=300000, script=30000}, hasTouchScreen=false, platform=XP, acceptSslCerts=false, goog:chromeOptions={debuggerAddress=localhost:54551}, webauthn:extension:credBlob=true, acceptInsecureCerts=false, webStorageEnabled=true, browserName=chrome, takesScreenshot=true, javascriptEnabled=true, setWindowRect=true, webauthn:extension:largeBlob=true, unexpectedAlertBehaviour=ignore, rotatable=false, networkConnectionEnabled=false, chrome={chromedriverVersion=108.0.5359.71 (1e0e3868ee06e91ad636a874420e3ca3ae3756ac-refs/branch-heads/5359@{#1016}), userDataDir=C:\Users\gamal\AppData\Local\Temp\scoped_dir18532_2013671014}, takesHeapSnapshot=true, pageLoadStrategy=normal, strictFileInteractability=false, databaseEnabled=false, handlesAlerts=true, version=108.0.5359.125, browserConnectionEnabled=false, proxy={}, nativeEvents=true, locationContextEnabled=true, cssSelectorsEnabled=true, webauthn:virtualAuthenticators=true}]
Session ID: bcf67397505f84bb7dce3ee028c83e6f">
      <![CDATA[org.openqa.selenium.NoSuchElementException: no such element: Unable to locate element: {"method":"xpath","selector":"//*[@id="app"]/div[1]/div[2]/div[2]/div/div[2]/div[3]/div/div/div[2]/div/div/div[1]/div[2]/div/div/button[1]"}
  (Session info: chrome=108.0.5359.125)
  (Driver info: chromedriver=108.0.5359.71 (1e0e3868ee06e91ad636a874420e3ca3ae3756ac-refs/branch-heads/5359@{#1016}),platform=Windows NT 10.0.19044 x86_64) (WARNING: The server did not provide any stacktrace information)
Command duration or timeout: 19 milliseconds
For documentation on this error, please visit: http://seleniumhq.org/exceptions/no_such_element.html
Build info: version: '2.44.0', revision: '76d78cf323ce037c5f92db6c1bba601c2ac43ad8', time: '2014-10-23 13:11:40'
System info: host: 'DESKTOP-LOVDD1M', ip: '192.168.1.5', os.name: 'Windows 10', os.arch: 'amd64', os.version: '10.0', java.version: '16.0.2'
Driver info: org.openqa.selenium.chrome.ChromeDriver
Capabilities [{mobileEmulationEnabled=false, timeouts={implicit=0, pageLoad=300000, script=30000}, hasTouchScreen=false, platform=XP, acceptSslCerts=false, goog:chromeOptions={debuggerAddress=localhost:54551}, webauthn:extension:credBlob=true, acceptInsecureCerts=false, webStorageEnabled=true, browserName=chrome, takesScreenshot=true, javascriptEnabled=true, setWindowRect=true, webauthn:extension:largeBlob=true, unexpectedAlertBehaviour=ignore, rotatable=false, networkConnectionEnabled=false, chrome={chromedriverVersion=108.0.5359.71 (1e0e3868ee06e91ad636a874420e3ca3ae3756ac-refs/branch-heads/5359@{#1016}), userDataDir=C:\Users\gamal\AppData\Local\Temp\scoped_dir18532_2013671014}, takesHeapSnapshot=true, pageLoadStrategy=normal, strictFileInteractability=false, databaseEnabled=false, handlesAlerts=true, version=108.0.5359.125, browserConnectionEnabled=false, proxy={}, nativeEvents=true, locationContextEnabled=true, cssSelectorsEnabled=true, webauthn:virtualAuthenticators=true}]
Session ID: bcf67397505f84bb7dce3ee028c83e6f
	at org.openqa.selenium.remote.ErrorHandler.createThrowable(ErrorHandler.java:204)
	at org.openqa.selenium.remote.ErrorHandler.throwIfResponseFailed(ErrorHandler.java:156)
	at org.openqa.selenium.remote.RemoteWebDriver.execute(RemoteWebDriver.java:599)
	at org.openqa.selenium.remote.RemoteWebDriver.findElement(RemoteWebDriver.java:352)
	at org.openqa.selenium.remote.RemoteWebDriver.findElementByXPath(RemoteWebDriver.java:449)
	at org.openqa.selenium.By$ByXPath.findElement(By.java:357)
	at org.openqa.selenium.remote.RemoteWebDriver.findElement(RemoteWebDriver.java:344)
	at com.mycompany.mavenproject1.TestMavinIT_Organized.testDeleteUser(TestMavinIT_Organized.java:127)
... Removed 33 stack frames]]>
    </failure>
  </testcase> <!-- testDeleteUser -->
</testsuite> <!-- AdminTabFunctionality2 -->
