<?xml version="1.0" encoding="UTF-8"?>
<!-- Generated by org.testng.reporters.JUnitXMLReporter -->
<testsuite hostname="DESKTOP-LOVDD1M" failures="0" tests="6" name="AdminTabFunctionality" time="53.747" errors="0" timestamp="28 Dec 2022 20:14:32 GMT">
  <testcase classname="com.mycompany.mavenproject1.TestMavinIT_Organized" name="testLogin" time="18.787"/>
  <testcase classname="com.mycompany.mavenproject1.TestMavinIT_Organized" name="testTabAdmin" time="2.831"/>
  <testcase classname="com.mycompany.mavenproject1.TestMavinIT_Organized" name="closeAndOpenLeftSideBar" time="4.196"/>
  <testcase classname="com.mycompany.mavenproject1.TestMavinIT_Organized" name="systemUsers" time="6.606"/>
  <testcase classname="com.mycompany.mavenproject1.TestMavinIT_Organized" name="testAddUser" time="12.666"/>
  <testcase classname="com.mycompany.mavenproject1.TestMavinIT_Organized" name="testLogout" time="1.681"/>
</testsuite> <!-- AdminTabFunctionality -->
